<?xml version="1.0" encoding="UTF-8"?>
<!-- Generated by org.testng.reporters.JUnitReportReporter -->
<testsuite hostname="Irfan" failures="0" tests="6" name="api.test.CustomerTests" time="3.953" errors="0" timestamp="2024-11-12T16:05:31 IST" skipped="0">
  <testcase classname="api.test.CustomerTests" name="testCreateCustomer" time="3.301"/>
  <testcase classname="api.test.CustomerTests" name="testAddWalletHistory" time="0.109"/>
  <testcase classname="api.test.CustomerTests" name="testAddCustomerAddress" time="0.086"/>
  <testcase classname="api.test.CustomerTests" name="testGetCustomerAddressByCustomerId" time="0.219"/>
  <testcase classname="api.test.CustomerTests" name="testPlaceOrder" time="0.124"/>
  <testcase classname="api.test.CustomerTests" name="testPlaceOrderAlternative" time="0.114"/>
</testsuite> <!-- api.test.CustomerTests -->
