<?xml version="1.0" encoding="UTF-8"?>
<!-- Generated by org.testng.reporters.JUnitReportReporter -->
<testsuite hostname="Irfan" failures="0" tests="5" name="api.test.CustomerTests" time="6.137" errors="0" timestamp="2024-11-12T10:19:35 IST" skipped="0">
  <testcase classname="api.test.CustomerTests" name="testCreateCustomer" time="4.281"/>
  <testcase classname="api.test.CustomerTests" name="testAddWalletHistory" time="0.348"/>
  <testcase classname="api.test.CustomerTests" name="testAddCustomerAddress" time="0.544"/>
  <testcase classname="api.test.CustomerTests" name="testGetCustomerAddressByCustomerId" time="0.504"/>
  <testcase classname="api.test.CustomerTests" name="testPlaceOrder" time="0.460"/>
</testsuite> <!-- api.test.CustomerTests -->
